<?xml version="1.0" encoding="UTF-8"?>
<!-- Generated by org.testng.reporters.JUnitReportReporter -->
<testsuite hostname="DS-PG020YBA" name="samples.NewTest3" tests="1" failures="0" timestamp="21 Apr 2022 06:11:54 GMT" time="16.995" errors="0">
  <testcase name="f" time="16.995" classname="samples.NewTest3"/>
</testsuite>
