<?xml version="1.0" encoding="UTF-8"?>
<!-- Generated by org.testng.reporters.JUnitReportReporter -->
<testsuite hostname="DS-PG020YBA" name="functionality.Login" tests="1" failures="0" timestamp="6 May 2022 06:06:39 GMT" time="13.928" errors="0">
  <testcase name="logintest" time="13.928" classname="functionality.Login"/>
</testsuite>
