<?xml version="1.0" encoding="UTF-8"?>
<!-- Generated by org.testng.reporters.JUnitReportReporter -->
<testsuite hostname="DS-PG020YBA" name="samples.Annotation1" tests="2" failures="0" timestamp="21 Apr 2022 06:11:54 GMT" time="51.932" errors="0">
  <testcase name="login" time="16.748" classname="samples.Annotation1"/>
  <testcase name="registration" time="35.184" classname="samples.Annotation1"/>
</testsuite>
