<?xml version="1.0" encoding="UTF-8"?>
<!-- Generated by org.testng.reporters.JUnitReportReporter -->
<testsuite hostname="DS-PG020YBA" name="webdriver.FirstTest1" tests="1" failures="0" timestamp="10 May 2022 06:09:55 GMT" time="0.007" errors="0">
  <testcase name="firstscript" time="0.007" classname="webdriver.FirstTest1"/>
</testsuite>
